<?xml version="1.0" encoding="UTF-8"?>
<!-- Generated by org.testng.reporters.JUnitReportReporter -->
<testsuite skipped="0" hostname="LIN66003201" name="basictestngtests.TestNGAssertExample1Test" tests="4" failures="0" timestamp="10 Jun 2018 16:57:10 GMT" time="0.060" errors="0">
  <testcase name="FirstAndLast2CharsTheSameTest_BasicNegativeScenario_Test4" time="0.044" classname="basictestngtests.TestNGAssertExample1Test"/>
  <testcase name="FirstAndLast2CharsTheSameTest_BasicPositiveScenario_Test3" time="0.005" classname="basictestngtests.TestNGAssertExample1Test"/>
  <testcase name="TruncateInFirst2PositionsTest_StartingWithAA_Test2" time="0.006" classname="basictestngtests.TestNGAssertExample1Test"/>
  <testcase name="TruncateInFirst2PositionsTest_StartingWithNonAA_Test1" time="0.005" classname="basictestngtests.TestNGAssertExample1Test"/>
</testsuite> <!-- basictestngtests.TestNGAssertExample1Test -->
