<?xml version="1.0" encoding="UTF-8"?>
<!-- Generated by org.testng.reporters.JUnitReportReporter -->
<testsuite skipped="0" hostname="LIN66003201" name="basictestngtests.TestNGAssertExample2Test" tests="1" failures="0" timestamp="10 Jun 2018 16:57:10 GMT" time="0.006" errors="0">
  <testcase name="test3" time="0.006" classname="basictestngtests.TestNGAssertExample2Test"/>
</testsuite> <!-- basictestngtests.TestNGAssertExample2Test -->
